#
# There is insufficient memory for the Java Runtime Environment to continue.
# Native memory allocation (malloc) failed to allocate 376736 bytes for Chunk::new
# Possible reasons:
#   The system is out of physical RAM or swap space
#   The process is running with CompressedOops enabled, and the Java Heap may be blocking the growth of the native heap
# Possible solutions:
#   Reduce memory load on the system
#   Increase physical memory or swap space
#   Check if swap backing store is full
#   Decrease Java heap size (-Xmx/-Xms)
#   Decrease number of Java threads
#   Decrease Java thread stack sizes (-Xss)
#   Set larger code cache with -XX:ReservedCodeCacheSize=
#   JVM is running with Unscaled Compressed Oops mode in which the Java heap is
#     placed in the first 4GB address space. The Java Heap base address is the
#     maximum limit for the native heap growth. Please use -XX:HeapBaseMinAddress
#     to set the Java Heap base and to place the Java Heap above 4GB virtual address.
# This output file may be truncated or incomplete.
#
#  Out of Memory Error (allocation.cpp:389), pid=14800, tid=0x000000000000271c
#
# JRE version: OpenJDK Runtime Environment (8.0_212-b04) (build 1.8.0_212-release-1586-b04)
# Java VM: OpenJDK 64-Bit Server VM (25.212-b04 mixed mode windows-amd64 compressed oops)
# Failed to write core dump. Minidumps are not enabled by default on client versions of Windows
#

---------------  T H R E A D  ---------------

Current thread (0x0000000015e1f000):  JavaThread "C2 CompilerThread1" daemon [_thread_in_native, id=10012, stack(0x0000000017590000,0x0000000017690000)]

Stack: [0x0000000017590000,0x0000000017690000]
[error occurred during error reporting (printing stack bounds), id 0xc0000005]

Native frames: (J=compiled Java code, j=interpreted, Vv=VM code, C=native code)


Current CompileTask:
C2:  23862 8635       4       java.lang.invoke.MethodType::makeImpl (66 bytes)


---------------  P R O C E S S  ---------------

Java Threads: ( => current thread )
  0x000000001d084800 JavaThread "ForkJoinPool.commonPool-worker-1" daemon [_thread_new, id=23356, stack(0x0000000023410000,0x0000000023410000)]
  0x000000001d083000 JavaThread "stdout" [_thread_in_native, id=3800, stack(0x0000000023d10000,0x0000000023e10000)]
  0x000000001d088000 JavaThread "stderr" [_thread_in_native, id=3216, stack(0x0000000023c10000,0x0000000023d10000)]
  0x000000001d086800 JavaThread "pool-2-thread-1" [_thread_blocked, id=23168, stack(0x0000000023b10000,0x0000000023c10000)]
  0x000000001d086000 JavaThread "WorkerExecutor Queue Thread 2" [_thread_blocked, id=18052, stack(0x0000000023a10000,0x0000000023b10000)]
  0x000000001d080800 JavaThread "Cache worker for execution history cache (C:\Users\Shubham\Projects\login_page2\Minesweeper\.gradle\5.6.4\executionHistory)" [_thread_blocked, id=12904, stack(0x0000000023610000,0x0000000023710000)]
  0x000000001d083800 JavaThread "Cache worker for file content cache (C:\Users\Shubham\Projects\login_page2\Minesweeper\.gradle\5.6.4\fileContent)" [_thread_blocked, id=8464, stack(0x0000000022e10000,0x0000000022f10000)]
  0x000000001d081800 JavaThread "Cache worker for file content cache (C:\Users\Shubham\.gradle\caches\5.6.4\fileContent)" [_thread_blocked, id=21456, stack(0x0000000022d10000,0x0000000022e10000)]
  0x000000001d079000 JavaThread "Memory manager" [_thread_blocked, id=15080, stack(0x0000000022a10000,0x0000000022b10000)]
  0x000000001d07a800 JavaThread "Cache worker for Build Output Cleanup Cache (C:\Users\Shubham\Projects\login_page2\Minesweeper\.gradle\buildOutputCleanup)" [_thread_blocked, id=18864, stack(0x0000000021d10000,0x0000000021e10000)]
  0x000000001d07c000 JavaThread "pool-1-thread-1" [_thread_blocked, id=9040, stack(0x0000000020800000,0x0000000020900000)]
  0x000000001d07d000 JavaThread "Build operations Thread 4" [_thread_blocked, id=18116, stack(0x00000000202c0000,0x00000000203c0000)]
  0x000000001d07f000 JavaThread "Build operations Thread 3" [_thread_blocked, id=3940, stack(0x00000000201c0000,0x00000000202c0000)]
  0x000000001d07e800 JavaThread "Build operations Thread 2" [_thread_blocked, id=1492, stack(0x00000000200c0000,0x00000000201c0000)]
  0x000000001d07b800 JavaThread "Build operations" [_thread_blocked, id=3396, stack(0x000000001ffc0000,0x00000000200c0000)]
  0x000000001d07a000 JavaThread "Cache worker for execution history cache (C:\Users\Shubham\.gradle\caches\5.6.4\executionHistory)" [_thread_blocked, id=21868, stack(0x000000001fec0000,0x000000001ffc0000)]
  0x000000001d07d800 JavaThread "Cache worker for cache directory md-rule (C:\Users\Shubham\.gradle\caches\5.6.4\md-rule)" [_thread_blocked, id=3076, stack(0x000000001fdc0000,0x000000001fec0000)]
  0x000000001913a000 JavaThread "Cache worker for cache directory md-supplier (C:\Users\Shubham\.gradle\caches\5.6.4\md-supplier)" [_thread_blocked, id=15456, stack(0x000000001fcc0000,0x000000001fdc0000)]
  0x000000001913b800 JavaThread "Cache worker for file hash cache (C:\Users\Shubham\Projects\login_page2\Minesweeper\.gradle\5.6.4\fileHashes)" [_thread_blocked, id=8352, stack(0x000000001f3c0000,0x000000001f4c0000)]
  0x000000001913f000 JavaThread "Cache worker for journal cache (C:\Users\Shubham\.gradle\caches\journal-1)" [_thread_blocked, id=23360, stack(0x000000001bbb0000,0x000000001bcb0000)]
  0x000000001913b000 JavaThread "File lock request listener" [_thread_in_native, id=5280, stack(0x000000001bab0000,0x000000001bbb0000)]
  0x0000000019141000 JavaThread "Cache worker for file hash cache (C:\Users\Shubham\.gradle\caches\5.6.4\fileHashes)" [_thread_blocked, id=18256, stack(0x000000001b9b0000,0x000000001bab0000)]
  0x00000000198e3800 JavaThread "Thread-9" [_thread_blocked, id=3312, stack(0x000000001b6b0000,0x000000001b7b0000)]
  0x00000000199c8000 JavaThread "Stdin handler" [_thread_blocked, id=17572, stack(0x000000001b5b0000,0x000000001b6b0000)]
  0x00000000199c6800 JavaThread "Asynchronous log dispatcher for DefaultDaemonConnection: socket connection from /127.0.0.1:51235 to /127.0.0.1:51236" [_thread_blocked, id=16632, stack(0x000000001b4b0000,0x000000001b5b0000)]
  0x00000000199cb000 JavaThread "Daemon worker" [_thread_in_vm, id=23288, stack(0x000000001b3b0000,0x000000001b4b0000)]
  0x000000001990e800 JavaThread "Cancel handler" [_thread_blocked, id=14412, stack(0x000000001b2b0000,0x000000001b3b0000)]
  0x00000000198b2000 JavaThread "Handler for socket connection from /127.0.0.1:51235 to /127.0.0.1:51236" [_thread_in_native, id=2256, stack(0x000000001afb0000,0x000000001b0b0000)]
  0x00000000198ad800 JavaThread "Daemon" [_thread_blocked, id=8452, stack(0x000000001aeb0000,0x000000001afb0000)]
  0x000000001984d000 JavaThread "Daemon periodic checks" [_thread_blocked, id=14376, stack(0x000000001adb0000,0x000000001aeb0000)]
  0x0000000019836800 JavaThread "Incoming local TCP Connector on port 51235" [_thread_in_native, id=14236, stack(0x000000001ab70000,0x000000001ac70000)]
  0x0000000017b2f800 JavaThread "Daemon health stats" [_thread_blocked, id=232, stack(0x000000001a530000,0x000000001a630000)]
  0x0000000015e79800 JavaThread "Service Thread" daemon [_thread_blocked, id=19424, stack(0x0000000017b90000,0x0000000017c90000)]
  0x0000000015e6f000 JavaThread "C1 CompilerThread2" daemon [_thread_blocked, id=11176, stack(0x0000000017690000,0x0000000017790000)]
=>0x0000000015e1f000 JavaThread "C2 CompilerThread1" daemon [_thread_in_native, id=10012, stack(0x0000000017590000,0x0000000017690000)]
  0x0000000015e1c000 JavaThread "C2 CompilerThread0" daemon [_thread_blocked, id=6988, stack(0x0000000017490000,0x0000000017590000)]
  0x0000000015e19800 JavaThread "Attach Listener" daemon [_thread_blocked, id=368, stack(0x0000000017390000,0x0000000017490000)]
  0x0000000015e19000 JavaThread "Signal Dispatcher" daemon [_thread_blocked, id=1660, stack(0x0000000017290000,0x0000000017390000)]
  0x00000000024ab800 JavaThread "Finalizer" daemon [_thread_blocked, id=22088, stack(0x0000000017090000,0x0000000017190000)]
  0x00000000024a2000 JavaThread "Reference Handler" daemon [_thread_blocked, id=23076, stack(0x0000000016f90000,0x0000000017090000)]
  0x00000000023b2800 JavaThread "main" [_thread_blocked, id=6756, stack(0x00000000021b0000,0x00000000022b0000)]

Other Threads:
  0x0000000015de5800 VMThread [stack: 0x0000000016e90000,0x0000000016f90000] [id=9816]
  0x0000000015e7a800 WatcherThread [stack: 0x0000000017c90000,0x0000000017d90000] [id=14752]

VM state:not at safepoint (normal execution)

VM Mutex/Monitor currently owned by a thread: None

heap address: 0x00000000a0000000, size: 1536 MB, Compressed Oops mode: 32-bit
Narrow klass base: 0x0000000000000000, Narrow klass shift: 3
Compressed class space size: 1073741824 Address: 0x0000000100000000

Heap:
 PSYoungGen      total 178176K, used 121664K [0x00000000e0000000, 0x00000000ee680000, 0x0000000100000000)
  eden space 157696K, 67% used [0x00000000e0000000,0x00000000e6872068,0x00000000e9a00000)
  from space 20480K, 71% used [0x00000000e9a00000,0x00000000ea85e238,0x00000000eae00000)
  to   space 20992K, 0% used [0x00000000ed200000,0x00000000ed200000,0x00000000ee680000)
 ParOldGen       total 139776K, used 30963K [0x00000000a0000000, 0x00000000a8880000, 0x00000000e0000000)
  object space 139776K, 22% used [0x00000000a0000000,0x00000000a1e3cdb8,0x00000000a8880000)
 Metaspace       used 68986K, capacity 71422K, committed 71680K, reserved 1112064K
  class space    used 9377K, capacity 9931K, committed 9984K, reserved 1048576K

Card table byte_map: [0x0000000011870000,0x0000000011b80000] byte_map_base: 0x0000000011370000

Marking Bits: (ParMarkBitMap*) 0x000000006f8b9f30
 Begin Bits: [0x0000000012180000, 0x0000000013980000)
 End Bits:   [0x0000000013980000, 0x0000000015180000)

Polling page: 0x00000000001f0000

CodeCache: size=245760Kb used=23776Kb max_used=23900Kb free=221983Kb
 bounds [0x00000000024b0000, 0x0000000003c20000, 0x00000000114b0000]
 total_blobs=8461 nmethods=7605 adapters=769
 compilation: enabled

Compilation events (10 events):
Event: 23.801 Thread 0x0000000015e6f000 nmethod 8628 0x0000000002fff210 code [0x0000000002fff380, 0x0000000002fff5a8]
Event: 23.803 Thread 0x0000000015e1c000 8631 %     4       java.io.ObjectOutputStream$BlockDataOutputStream::writeBytes @ 95 (144 bytes)
Event: 23.811 Thread 0x0000000015e1c000 nmethod 8631% 0x00000000036f7c10 code [0x00000000036f7d80, 0x00000000036f82a8]
Event: 23.818 Thread 0x0000000015e6f000 8632       1       java.lang.StackTraceElement::getLineNumber (5 bytes)
Event: 23.818 Thread 0x0000000015e6f000 nmethod 8632 0x0000000003372a50 code [0x0000000003372ba0, 0x0000000003372cb0]
Event: 23.819 Thread 0x0000000015e6f000 8633       1       java.lang.StackTraceElement::getFileName (5 bytes)
Event: 23.819 Thread 0x0000000015e6f000 nmethod 8633 0x0000000002e9d610 code [0x0000000002e9d760, 0x0000000002e9d870]
Event: 23.822 Thread 0x0000000015e6f000 8634       3       org.codehaus.groovy.runtime.StackTraceUtils::isApplicationClass (84 bytes)
Event: 23.823 Thread 0x0000000015e6f000 nmethod 8634 0x00000000026558d0 code [0x0000000002655ae0, 0x00000000026565f8]
Event: 23.843 Thread 0x0000000015e1f000 8635       4       java.lang.invoke.MethodType::makeImpl (66 bytes)

GC Heap History (10 events):
Event: 10.626 GC heap before
{Heap before GC invocations=12 (full 2):
 PSYoungGen      total 110592K, used 98816K [0x00000000e0000000, 0x00000000e9780000, 0x0000000100000000)
  eden space 98816K, 100% used [0x00000000e0000000,0x00000000e6080000,0x00000000e6080000)
  from space 11776K, 0% used [0x00000000e6080000,0x00000000e6080000,0x00000000e6c00000)
  to   space 12800K, 0% used [0x00000000e8b00000,0x00000000e8b00000,0x00000000e9780000)
 ParOldGen       total 97280K, used 17018K [0x00000000a0000000, 0x00000000a5f00000, 0x00000000e0000000)
  object space 97280K, 17% used [0x00000000a0000000,0x00000000a109ead0,0x00000000a5f00000)
 Metaspace       used 43798K, capacity 44940K, committed 45184K, reserved 1087488K
  class space    used 5895K, capacity 6184K, committed 6272K, reserved 1048576K
Event: 10.649 GC heap after
Heap after GC invocations=12 (full 2):
 PSYoungGen      total 137728K, used 12005K [0x00000000e0000000, 0x00000000e9700000, 0x0000000100000000)
  eden space 125440K, 0% used [0x00000000e0000000,0x00000000e0000000,0x00000000e7a80000)
  from space 12288K, 97% used [0x00000000e8b00000,0x00000000e96b97a0,0x00000000e9700000)
  to   space 13824K, 0% used [0x00000000e7c00000,0x00000000e7c00000,0x00000000e8980000)
 ParOldGen       total 97280K, used 17026K [0x00000000a0000000, 0x00000000a5f00000, 0x00000000e0000000)
  object space 97280K, 17% used [0x00000000a0000000,0x00000000a10a0ad0,0x00000000a5f00000)
 Metaspace       used 43798K, capacity 44940K, committed 45184K, reserved 1087488K
  class space    used 5895K, capacity 6184K, committed 6272K, reserved 1048576K
}
Event: 13.451 GC heap before
{Heap before GC invocations=13 (full 2):
 PSYoungGen      total 137728K, used 137445K [0x00000000e0000000, 0x00000000e9700000, 0x0000000100000000)
  eden space 125440K, 100% used [0x00000000e0000000,0x00000000e7a80000,0x00000000e7a80000)
  from space 12288K, 97% used [0x00000000e8b00000,0x00000000e96b97a0,0x00000000e9700000)
  to   space 13824K, 0% used [0x00000000e7c00000,0x00000000e7c00000,0x00000000e8980000)
 ParOldGen       total 97280K, used 17026K [0x00000000a0000000, 0x00000000a5f00000, 0x00000000e0000000)
  object space 97280K, 17% used [0x00000000a0000000,0x00000000a10a0ad0,0x00000000a5f00000)
 Metaspace       used 54624K, capacity 56298K, committed 56576K, reserved 1097728K
  class space    used 7402K, capacity 7816K, committed 7936K, reserved 1048576K
Event: 13.486 GC heap after
Heap after GC invocations=13 (full 2):
 PSYoungGen      total 140800K, used 13817K [0x00000000e0000000, 0x00000000ec000000, 0x0000000100000000)
  eden space 126976K, 0% used [0x00000000e0000000,0x00000000e0000000,0x00000000e7c00000)
  from space 13824K, 99% used [0x00000000e7c00000,0x00000000e897e5b0,0x00000000e8980000)
  to   space 18432K, 0% used [0x00000000eae00000,0x00000000eae00000,0x00000000ec000000)
 ParOldGen       total 97280K, used 24934K [0x00000000a0000000, 0x00000000a5f00000, 0x00000000e0000000)
  object space 97280K, 25% used [0x00000000a0000000,0x00000000a1859b20,0x00000000a5f00000)
 Metaspace       used 54624K, capacity 56298K, committed 56576K, reserved 1097728K
  class space    used 7402K, capacity 7816K, committed 7936K, reserved 1048576K
}
Event: 14.260 GC heap before
{Heap before GC invocations=14 (full 2):
 PSYoungGen      total 140800K, used 53304K [0x00000000e0000000, 0x00000000ec000000, 0x0000000100000000)
  eden space 126976K, 31% used [0x00000000e0000000,0x00000000e268fdf0,0x00000000e7c00000)
  from space 13824K, 99% used [0x00000000e7c00000,0x00000000e897e5b0,0x00000000e8980000)
  to   space 18432K, 0% used [0x00000000eae00000,0x00000000eae00000,0x00000000ec000000)
 ParOldGen       total 97280K, used 24934K [0x00000000a0000000, 0x00000000a5f00000, 0x00000000e0000000)
  object space 97280K, 25% used [0x00000000a0000000,0x00000000a1859b20,0x00000000a5f00000)
 Metaspace       used 57152K, capacity 59000K, committed 59096K, reserved 1099776K
  class space    used 7822K, capacity 8227K, committed 8320K, reserved 1048576K
Event: 14.287 GC heap after
Heap after GC invocations=14 (full 2):
 PSYoungGen      total 176128K, used 16770K [0x00000000e0000000, 0x00000000ecd00000, 0x0000000100000000)
  eden space 157696K, 0% used [0x00000000e0000000,0x00000000e0000000,0x00000000e9a00000)
  from space 18432K, 90% used [0x00000000eae00000,0x00000000ebe60ab8,0x00000000ec000000)
  to   space 20480K, 0% used [0x00000000e9a00000,0x00000000e9a00000,0x00000000eae00000)
 ParOldGen       total 97280K, used 25006K [0x00000000a0000000, 0x00000000a5f00000, 0x00000000e0000000)
  object space 97280K, 25% used [0x00000000a0000000,0x00000000a186bb30,0x00000000a5f00000)
 Metaspace       used 57152K, capacity 59000K, committed 59096K, reserved 1099776K
  class space    used 7822K, capacity 8227K, committed 8320K, reserved 1048576K
}
Event: 14.287 GC heap before
{Heap before GC invocations=15 (full 3):
 PSYoungGen      total 176128K, used 16770K [0x00000000e0000000, 0x00000000ecd00000, 0x0000000100000000)
  eden space 157696K, 0% used [0x00000000e0000000,0x00000000e0000000,0x00000000e9a00000)
  from space 18432K, 90% used [0x00000000eae00000,0x00000000ebe60ab8,0x00000000ec000000)
  to   space 20480K, 0% used [0x00000000e9a00000,0x00000000e9a00000,0x00000000eae00000)
 ParOldGen       total 97280K, used 25006K [0x00000000a0000000, 0x00000000a5f00000, 0x00000000e0000000)
  object space 97280K, 25% used [0x00000000a0000000,0x00000000a186bb30,0x00000000a5f00000)
 Metaspace       used 57152K, capacity 59000K, committed 59096K, reserved 1099776K
  class space    used 7822K, capacity 8227K, committed 8320K, reserved 1048576K
Event: 14.553 GC heap after
Heap after GC invocations=15 (full 3):
 PSYoungGen      total 176128K, used 0K [0x00000000e0000000, 0x00000000ecd00000, 0x0000000100000000)
  eden space 157696K, 0% used [0x00000000e0000000,0x00000000e0000000,0x00000000e9a00000)
  from space 18432K, 0% used [0x00000000eae00000,0x00000000eae00000,0x00000000ec000000)
  to   space 20480K, 0% used [0x00000000e9a00000,0x00000000e9a00000,0x00000000eae00000)
 ParOldGen       total 139776K, used 30955K [0x00000000a0000000, 0x00000000a8880000, 0x00000000e0000000)
  object space 139776K, 22% used [0x00000000a0000000,0x00000000a1e3adb8,0x00000000a8880000)
 Metaspace       used 57152K, capacity 59000K, committed 59096K, reserved 1099776K
  class space    used 7822K, capacity 8227K, committed 8320K, reserved 1048576K
}
Event: 18.127 GC heap before
{Heap before GC invocations=16 (full 3):
 PSYoungGen      total 176128K, used 157696K [0x00000000e0000000, 0x00000000ecd00000, 0x0000000100000000)
  eden space 157696K, 100% used [0x00000000e0000000,0x00000000e9a00000,0x00000000e9a00000)
  from space 18432K, 0% used [0x00000000eae00000,0x00000000eae00000,0x00000000ec000000)
  to   space 20480K, 0% used [0x00000000e9a00000,0x00000000e9a00000,0x00000000eae00000)
 ParOldGen       total 139776K, used 30955K [0x00000000a0000000, 0x00000000a8880000, 0x00000000e0000000)
  object space 139776K, 22% used [0x00000000a0000000,0x00000000a1e3adb8,0x00000000a8880000)
 Metaspace       used 63167K, capacity 65452K, committed 65536K, reserved 1105920K
  class space    used 8648K, capacity 9147K, committed 9216K, reserved 1048576K
Event: 18.145 GC heap after
Heap after GC invocations=16 (full 3):
 PSYoungGen      total 178176K, used 14712K [0x00000000e0000000, 0x00000000ee680000, 0x0000000100000000)
  eden space 157696K, 0% used [0x00000000e0000000,0x00000000e0000000,0x00000000e9a00000)
  from space 20480K, 71% used [0x00000000e9a00000,0x00000000ea85e238,0x00000000eae00000)
  to   space 20992K, 0% used [0x00000000ed200000,0x00000000ed200000,0x00000000ee680000)
 ParOldGen       total 139776K, used 30963K [0x00000000a0000000, 0x00000000a8880000, 0x00000000e0000000)
  object space 139776K, 22% used [0x00000000a0000000,0x00000000a1e3cdb8,0x00000000a8880000)
 Metaspace       used 63167K, capacity 65452K, committed 65536K, reserved 1105920K
  class space    used 8648K, capacity 9147K, committed 9216K, reserved 1048576K
}

Deoptimization events (10 events):
Event: 22.932 Thread 0x00000000199cb000 Uncommon trap: reason=class_check action=maybe_recompile pc=0x0000000003a5a2b4 method=java.util.Spliterators$1Adapter.hasNext()Z @ 12
Event: 23.166 Thread 0x00000000199cb000 Uncommon trap: reason=class_check action=maybe_recompile pc=0x000000000280b598 method=java.util.regex.Matcher.search(I)Z @ 86
Event: 23.167 Thread 0x00000000199cb000 Uncommon trap: reason=class_check action=maybe_recompile pc=0x000000000280b598 method=java.util.regex.Matcher.search(I)Z @ 86
Event: 23.167 Thread 0x00000000199cb000 Uncommon trap: reason=class_check action=maybe_recompile pc=0x000000000280b598 method=java.util.regex.Matcher.search(I)Z @ 86
Event: 23.367 Thread 0x00000000199cb000 Uncommon trap: reason=unstable_if action=reinterpret pc=0x00000000028b4eb8 method=java.lang.AbstractStringBuilder.append(I)Ljava/lang/AbstractStringBuilder; @ 16
Event: 23.367 Thread 0x00000000199cb000 Uncommon trap: reason=unstable_if action=reinterpret pc=0x000000000282c450 method=java.lang.Integer.getChars(II[C)V @ 7
Event: 23.369 Thread 0x00000000199cb000 Uncommon trap: reason=class_check action=maybe_recompile pc=0x000000000280b598 method=java.util.regex.Matcher.search(I)Z @ 86
Event: 23.372 Thread 0x00000000199cb000 Uncommon trap: reason=class_check action=maybe_recompile pc=0x0000000002a8ca40 method=java.lang.Throwable.<init>(Ljava/lang/String;Ljava/lang/Throwable;)V @ 24
Event: 23.372 Thread 0x00000000199cb000 Uncommon trap: reason=class_check action=maybe_recompile pc=0x0000000002a8ca40 method=java.lang.Throwable.<init>(Ljava/lang/String;Ljava/lang/Throwable;)V @ 24
Event: 23.373 Thread 0x00000000199cb000 Uncommon trap: reason=class_check action=maybe_recompile pc=0x0000000002a8ca40 method=java.lang.Throwable.<init>(Ljava/lang/String;Ljava/lang/Throwable;)V @ 24

Classes redefined (0 events):
No events

Internal exceptions (10 events):
Event: 21.636 Thread 0x000000001d086000 Exception <a 'sun/nio/fs/WindowsException'> (0x00000000e21651a8) thrown at [D:\src\AOSP-openjdk-cygwin\jdk8u\hotspot\src\share\vm\prims\jni.cpp, line 710]
Event: 22.039 Thread 0x000000001d080800 Implicit null exception at 0x0000000003886605 to 0x0000000003888449
Event: 22.040 Thread 0x000000001d080800 Implicit null exception at 0x00000000037dce60 to 0x00000000037dd125
Event: 22.921 Thread 0x00000000199cb000 Exception <a 'java/lang/NoSuchMethodError': java.lang.Object.lambda$comparingByKey$bbdbfea9$1(Ljava/util/Map$Entry;Ljava/util/Map$Entry;)I> (0x00000000e53e24e8) thrown at [D:\src\AOSP-openjdk-cygwin\jdk8u\hotspot\src\share\vm\interpreter\linkResolver.cpp,
Event: 23.371 Thread 0x00000000199cb000 Exception <a 'java/io/IOException': CreateProcess error=1455, The paging file is too small for this operation to complete> (0x00000000e5f678d0) thrown at [D:\src\AOSP-openjdk-cygwin\jdk8u\hotspot\src\share\vm\prims\jni.cpp, line 736]
Event: 23.373 Thread 0x00000000199cb000 Exception <a 'java/io/IOException': CreateProcess error=1455, The paging file is too small for this operation to complete> (0x00000000e5f743f8) thrown at [D:\src\AOSP-openjdk-cygwin\jdk8u\hotspot\src\share\vm\prims\jni.cpp, line 736]
Event: 23.778 Thread 0x00000000199cb000 Exception <a 'java/lang/reflect/InvocationTargetException'> (0x00000000e621ae50) thrown at [D:\src\AOSP-openjdk-cygwin\jdk8u\hotspot\src\share\vm\runtime\reflection.cpp, line 1092]
Event: 23.802 Thread 0x00000000198e3800 Exception <a 'java/lang/NoSuchMethodError': <clinit>> (0x00000000e029d280) thrown at [D:\src\AOSP-openjdk-cygwin\jdk8u\hotspot\src\share\vm\prims\jni.cpp, line 1614]
Event: 23.803 Thread 0x00000000198e3800 Exception <a 'java/lang/NoSuchMethodError': <clinit>> (0x00000000e64c8840) thrown at [D:\src\AOSP-openjdk-cygwin\jdk8u\hotspot\src\share\vm\prims\jni.cpp, line 1614]
Event: 23.840 Thread 0x00000000199cb000 Exception <a 'sun/nio/fs/WindowsException'> (0x00000000e644c908) thrown at [D:\src\AOSP-openjdk-cygwin\jdk8u\hotspot\src\share\vm\prims\jni.cpp, line 710]

Events (10 events):
Event: 23.843 loading class com/android/build/gradle/internal/workeractions/WorkerActionServiceRegistry$shutdownAllRegisteredServices$1$1 done
Event: 23.843 loading class java/util/concurrent/ForkJoinTask$RunnableExecuteAction
Event: 23.855 loading class java/util/concurrent/ForkJoinTask$RunnableExecuteAction done
Event: 23.855 loading class java/util/concurrent/ForkJoinTask$ExceptionNode
Event: 23.855 loading class java/util/concurrent/ForkJoinTask$ExceptionNode done
Event: 23.855 loading class java/util/concurrent/ThreadLocalRandom
Event: 23.858 loading class java/util/concurrent/ThreadLocalRandom done
Event: 23.859 Thread 0x000000001d084800 Thread added: 0x000000001d084800
Event: 23.859 loading class com/android/dx/command/dexer/Main
Event: 23.859 loading class com/android/dx/command/dexer/Main done


Dynamic libraries:
0x00007ff61a070000 - 0x00007ff61a0a1000 	C:\Program Files\Android\Android Studio\jre\bin\java.exe
0x00007fffafaf0000 - 0x00007fffafce4000 	C:\WINDOWS\SYSTEM32\ntdll.dll
0x00007fffaf880000 - 0x00007fffaf93d000 	C:\WINDOWS\System32\KERNEL32.DLL
0x00007fffad7d0000 - 0x00007fffada97000 	C:\WINDOWS\System32\KERNELBASE.dll
0x00007fffae010000 - 0x00007fffae0ba000 	C:\WINDOWS\System32\ADVAPI32.dll
0x00007fffade90000 - 0x00007fffadf2e000 	C:\WINDOWS\System32\msvcrt.dll
0x00007fffaeb70000 - 0x00007fffaec0b000 	C:\WINDOWS\System32\sechost.dll
0x00007fffadd00000 - 0x00007fffade23000 	C:\WINDOWS\System32\RPCRT4.dll
0x00007fffadb60000 - 0x00007fffadd00000 	C:\WINDOWS\System32\USER32.dll
0x00007fffadb30000 - 0x00007fffadb52000 	C:\WINDOWS\System32\win32u.dll
0x00007fffaf850000 - 0x00007fffaf87a000 	C:\WINDOWS\System32\GDI32.dll
0x00007fffad420000 - 0x00007fffad52a000 	C:\WINDOWS\System32\gdi32full.dll
0x00007fffad730000 - 0x00007fffad7cd000 	C:\WINDOWS\System32\msvcp_win.dll
0x00007fffad630000 - 0x00007fffad730000 	C:\WINDOWS\System32\ucrtbase.dll
0x00007fff9dd10000 - 0x00007fff9dfaa000 	C:\WINDOWS\WinSxS\amd64_microsoft.windows.common-controls_6595b64144ccf1df_6.0.19041.1_none_b555e41d4684ddec\COMCTL32.dll
0x00007fffaea80000 - 0x00007fffaeab0000 	C:\WINDOWS\System32\IMM32.DLL
0x000000006fe80000 - 0x000000006ff52000 	C:\Program Files\Android\Android Studio\jre\jre\bin\msvcr100.dll
0x000000006f0f0000 - 0x000000006f936000 	C:\Program Files\Android\Android Studio\jre\jre\bin\server\jvm.dll
0x00007fffaf940000 - 0x00007fffaf948000 	C:\WINDOWS\System32\PSAPI.DLL
0x00007fffa91f0000 - 0x00007fffa91f9000 	C:\WINDOWS\SYSTEM32\WSOCK32.dll
0x00007fffaeec0000 - 0x00007fffaef2b000 	C:\WINDOWS\System32\WS2_32.dll
0x00007fff9e920000 - 0x00007fff9e947000 	C:\WINDOWS\SYSTEM32\WINMM.dll
0x00007fffa4360000 - 0x00007fffa436a000 	C:\WINDOWS\SYSTEM32\VERSION.dll
0x00007fffa9160000 - 0x00007fffa916f000 	C:\Program Files\Android\Android Studio\jre\jre\bin\verify.dll
0x00007fff90a40000 - 0x00007fff90a69000 	C:\Program Files\Android\Android Studio\jre\jre\bin\java.dll
0x00007fff9f260000 - 0x00007fff9f276000 	C:\Program Files\Android\Android Studio\jre\jre\bin\zip.dll
0x00007fffae340000 - 0x00007fffaea74000 	C:\WINDOWS\System32\SHELL32.dll
0x00007fffab3b0000 - 0x00007fffabb3e000 	C:\WINDOWS\SYSTEM32\windows.storage.dll
0x00007fffaf440000 - 0x00007fffaf793000 	C:\WINDOWS\System32\combase.dll
0x00007fffaccc0000 - 0x00007fffacceb000 	C:\WINDOWS\SYSTEM32\Wldp.dll
0x00007fffaeab0000 - 0x00007fffaeb5e000 	C:\WINDOWS\System32\SHCORE.dll
0x00007fffade30000 - 0x00007fffade85000 	C:\WINDOWS\System32\shlwapi.dll
0x00007fffad180000 - 0x00007fffad19f000 	C:\WINDOWS\SYSTEM32\profapi.dll
0x00007fff949b0000 - 0x00007fff949ca000 	C:\Program Files\Android\Android Studio\jre\jre\bin\net.dll
0x00007fff9f820000 - 0x00007fff9fa0d000 	C:\WINDOWS\SYSTEM32\urlmon.dll
0x00007fff9f540000 - 0x00007fff9f7ee000 	C:\WINDOWS\SYSTEM32\iertutil.dll
0x00007fffaca40000 - 0x00007fffacaaa000 	C:\WINDOWS\system32\mswsock.dll
0x00007fff948d0000 - 0x00007fff948e3000 	C:\Program Files\Android\Android Studio\jre\jre\bin\nio.dll
0x00007fff8da40000 - 0x00007fff8da66000 	C:\Users\Shubham\.gradle\native\30\windows-amd64\native-platform.dll
0x00007fffa5f80000 - 0x00007fffa5f8d000 	C:\Program Files\Android\Android Studio\jre\jre\bin\management.dll
0x00007fffacc10000 - 0x00007fffacc28000 	C:\WINDOWS\SYSTEM32\CRYPTSP.dll
0x00007fffac360000 - 0x00007fffac394000 	C:\WINDOWS\system32\rsaenh.dll
0x00007fffadb00000 - 0x00007fffadb27000 	C:\WINDOWS\System32\bcrypt.dll
0x00007fffad100000 - 0x00007fffad12e000 	C:\WINDOWS\SYSTEM32\USERENV.dll
0x00007fffad240000 - 0x00007fffad2bf000 	C:\WINDOWS\System32\bcryptprimitives.dll
0x00007fffacc30000 - 0x00007fffacc3c000 	C:\WINDOWS\SYSTEM32\CRYPTBASE.dll
0x00007fffac6e0000 - 0x00007fffac71b000 	C:\WINDOWS\SYSTEM32\IPHLPAPI.DLL
0x00007fffae0c0000 - 0x00007fffae0c9000 	C:\WINDOWS\System32\NSI.dll
0x00007fffa43b0000 - 0x00007fffa43c7000 	C:\WINDOWS\SYSTEM32\dhcpcsvc6.DLL
0x00007fffa4460000 - 0x00007fffa447d000 	C:\WINDOWS\SYSTEM32\dhcpcsvc.DLL
0x00007fffac720000 - 0x00007fffac7ea000 	C:\WINDOWS\SYSTEM32\DNSAPI.dll
0x00007fff9a620000 - 0x00007fff9a63e000 	C:\Users\Shubham\AppData\Local\Temp\native-platform7936328453349722382dir\native-platform.dll

VM Arguments:
jvm_args: -Xmx1536m -Dfile.encoding=windows-1252 -Duser.country=US -Duser.language=en -Duser.variant 
java_command: org.gradle.launcher.daemon.bootstrap.GradleDaemon 5.6.4
java_class_path (initial): C:\Users\Shubham\.gradle\wrapper\dists\gradle-5.6.4-all\ankdp27end7byghfw1q2sw75f\gradle-5.6.4\lib\gradle-launcher-5.6.4.jar
Launcher Type: SUN_STANDARD

Environment Variables:
PATH=C:\Program Files (x86)\Common Files\Intel\Shared Libraries\redist\intel64\compiler;C:\Program Files (x86)\Intel\iCLS Client\;C:\Program Files\Intel\iCLS Client\;C:\Windows\system32;C:\Windows;C:\Windows\System32\Wbem;C:\Windows\System32\WindowsPowerShell\v1.0\;C:\Program Files (x86)\Intel\Intel(R) Management Engine Components\DAL;C:\Program Files\Intel\Intel(R) Management Engine Components\DAL;C:\Program Files (x86)\Intel\Intel(R) Management Engine Components\IPT;C:\Program Files\Intel\Intel(R) Management Engine Components\IPT;C:\Program Files (x86)\NVIDIA Corporation\PhysX\Common;C:\WINDOWS\system32;C:\WINDOWS;C:\WINDOWS\System32\Wbem;C:\WINDOWS\System32\WindowsPowerShell\v1.0\;C:\WINDOWS\System32\OpenSSH\;C:\Users\Shubham\Anaconda3;C:\Program Files (x86)\Brackets\command;C:\Program Files\NVIDIA Corporation\NVIDIA NvDLISR;C:\WINDOWS\system32;C:\WINDOWS;C:\WINDOWS\System32\Wbem;C:\WINDOWS\System32\WindowsPowerShell\v1.0\;C:\WINDOWS\System32\OpenSSH\;C:\Program Files\Git\cmd;C:\Program Files\Java\jdk-14\bin;C:\Users\Shubham\Anaconda3;C:\Users\Shubham\Anaconda3\Library\mingw-w64\bin;C:\Users\Shubham\Anaconda3\Library\usr\bin;C:\Users\Shubham\Anaconda3\Library\bin;C:\Users\Shubham\Anaconda3\Scripts;C:\Users\Shubham\AppData\Local\Microsoft\WindowsApps;C:\dev\flutter\bin;
USERNAME=Shubham
OS=Windows_NT
PROCESSOR_IDENTIFIER=Intel64 Family 6 Model 158 Stepping 9, GenuineIntel



---------------  S Y S T E M  ---------------

OS: Windows 10.0 , 64 bit Build 19041 (10.0.19041.292)

CPU:total 4 (initial active 4) (4 cores per cpu, 1 threads per core) family 6 model 158 stepping 9, cmov, cx8, fxsr, mmx, sse, sse2, sse3, ssse3, sse4.1, sse4.2, popcnt, avx, avx2, aes, clmul, erms, 3dnowpref, lzcnt, tsc, tscinvbit, bmi1, bmi2, adx

Memory: 4k page, physical 8269412k(455960k free), swap 16658020k(256k free)

vm_info: OpenJDK 64-Bit Server VM (25.212-b04) for windows-amd64 JRE (1.8.0_212-release-1586-b04), built by "builder" with MS VC++ 10.0 (VS2010)

time: Thu Jun 25 19:56:35 2020
timezone: India Standard Time
elapsed time: 23 seconds (0d 0h 0m 23s)

