#
# There is insufficient memory for the Java Runtime Environment to continue.
# Native memory allocation (malloc) failed to allocate 1330240 bytes for Chunk::new
# Possible reasons:
#   The system is out of physical RAM or swap space
#   The process is running with CompressedOops enabled, and the Java Heap may be blocking the growth of the native heap
# Possible solutions:
#   Reduce memory load on the system
#   Increase physical memory or swap space
#   Check if swap backing store is full
#   Decrease Java heap size (-Xmx/-Xms)
#   Decrease number of Java threads
#   Decrease Java thread stack sizes (-Xss)
#   Set larger code cache with -XX:ReservedCodeCacheSize=
#   JVM is running with Unscaled Compressed Oops mode in which the Java heap is
#     placed in the first 4GB address space. The Java Heap base address is the
#     maximum limit for the native heap growth. Please use -XX:HeapBaseMinAddress
#     to set the Java Heap base and to place the Java Heap above 4GB virtual address.
# This output file may be truncated or incomplete.
#
#  Out of Memory Error (allocation.cpp:389), pid=15960, tid=0x000000000000527c
#
# JRE version: OpenJDK Runtime Environment (8.0_212-b04) (build 1.8.0_212-release-1586-b04)
# Java VM: OpenJDK 64-Bit Server VM (25.212-b04 mixed mode windows-amd64 compressed oops)
# Failed to write core dump. Minidumps are not enabled by default on client versions of Windows
#

---------------  T H R E A D  ---------------

Current thread (0x0000000016c78000):  JavaThread "C2 CompilerThread0" daemon [_thread_in_native, id=21116, stack(0x00000000182d0000,0x00000000183d0000)]

Stack: [0x00000000182d0000,0x00000000183d0000]
[error occurred during error reporting (printing stack bounds), id 0xc0000005]

Native frames: (J=compiled Java code, j=interpreted, Vv=VM code, C=native code)


Current CompileTask:
C2:3459657 20449 %     4       com.android.tools.r8.ir.regalloc.LinearScanRegisterAllocator::a @ 680 (1756 bytes)


---------------  P R O C E S S  ---------------

Java Threads: ( => current thread )
  0x0000000029039800 JavaThread "ForkJoinPool-5-worker-0" daemon [_thread_blocked, id=16780, stack(0x0000000030540000,0x0000000030640000)]
  0x0000000019138000 JavaThread "ForkJoinPool-5-worker-3" daemon [_thread_in_Java, id=11816, stack(0x000000002f0b0000,0x000000002f1b0000)]
  0x000000001f6b5800 JavaThread "ForkJoinPool-5-worker-2" daemon [_thread_blocked, id=4388, stack(0x000000002eeb0000,0x000000002efb0000)]
  0x000000001f6bc800 JavaThread "ForkJoinPool-5-worker-1" daemon [_thread_blocked, id=14484, stack(0x0000000026700000,0x0000000026800000)]
  0x000000001f6bb000 JavaThread "ForkJoinPool.commonPool-worker-3" daemon [_thread_blocked, id=18828, stack(0x000000002efb0000,0x000000002f0b0000)]
  0x0000000019132800 JavaThread "WorkerExecutor Queue Thread 5" [_thread_blocked, id=14532, stack(0x0000000027100000,0x0000000027200000)]
  0x0000000019131000 JavaThread "WorkerExecutor Queue Thread 4" [_thread_blocked, id=15900, stack(0x0000000026800000,0x0000000026900000)]
  0x0000000019132000 JavaThread "WorkerExecutor Queue Thread 3" [_thread_blocked, id=27100, stack(0x0000000026320000,0x0000000026420000)]
  0x0000000019130800 JavaThread "Cache worker for Java compile cache (C:\Users\Shubham\Projects\login_page2\Minesweeper\.gradle\5.6.4\javaCompile)" [_thread_blocked, id=23448, stack(0x0000000026c00000,0x0000000026d00000)]
  0x0000000019135800 JavaThread "Cache worker for Java compile cache (C:\Users\Shubham\.gradle\caches\5.6.4\javaCompile)" [_thread_blocked, id=25132, stack(0x00000000257a0000,0x00000000258a0000)]
  0x0000000019134000 JavaThread "WorkerExecutor Queue" [_thread_blocked, id=11180, stack(0x0000000027280000,0x0000000027380000)]
  0x0000000019135000 JavaThread "RMI TCP Connection(1)-127.0.0.1" daemon [_thread_in_native, id=21492, stack(0x0000000026b00000,0x0000000026c00000)]
  0x0000000019133800 JavaThread "RMI Reaper" [_thread_blocked, id=21896, stack(0x0000000025ea0000,0x0000000025fa0000)]
  0x0000000019137000 JavaThread "RMI TCP Accept-0" daemon [_thread_in_native, id=18040, stack(0x0000000025da0000,0x0000000025ea0000)]
  0x000000001912e800 JavaThread "GC Daemon" daemon [_thread_blocked, id=22780, stack(0x0000000025ca0000,0x0000000025da0000)]
  0x0000000019129800 JavaThread "RMI Scheduler(0)" daemon [_thread_blocked, id=23072, stack(0x00000000256a0000,0x00000000257a0000)]
  0x000000001912d000 JavaThread "Cache worker for execution history cache (C:\Users\Shubham\Projects\login_page2\Minesweeper\.gradle\5.6.4\executionHistory)" [_thread_blocked, id=2268, stack(0x0000000025900000,0x0000000025a00000)]
  0x000000001912b800 JavaThread "Execution worker for ':' Thread 3" [_thread_blocked, id=10504, stack(0x0000000026220000,0x0000000026320000)]
  0x000000001912f800 JavaThread "Execution worker for ':' Thread 2" [_thread_blocked, id=5284, stack(0x0000000026120000,0x0000000026220000)]
  0x000000001da00000 JavaThread "Execution worker for ':'" [_thread_blocked, id=10444, stack(0x0000000026020000,0x0000000026120000)]
  0x000000001d9ff000 JavaThread "Cache worker for file content cache (C:\Users\Shubham\Projects\login_page2\Minesweeper\.gradle\5.6.4\fileContent)" [_thread_blocked, id=10376, stack(0x0000000024510000,0x0000000024610000)]
  0x000000001d9fd000 JavaThread "Cache worker for Build Output Cleanup Cache (C:\Users\Shubham\Projects\login_page2\Minesweeper\.gradle\buildOutputCleanup)" [_thread_blocked, id=20760, stack(0x0000000022fe0000,0x00000000230e0000)]
  0x000000001d9fd800 JavaThread "pool-7-thread-1" [_thread_blocked, id=11112, stack(0x0000000022ce0000,0x0000000022de0000)]
  0x000000001d9fa000 JavaThread "Build operations Thread 4" [_thread_blocked, id=6192, stack(0x00000000227e0000,0x00000000228e0000)]
  0x000000001d9fc000 JavaThread "Build operations Thread 3" [_thread_blocked, id=14748, stack(0x00000000224c0000,0x00000000225c0000)]
  0x000000001d9fb800 JavaThread "Build operations Thread 2" [_thread_blocked, id=12524, stack(0x00000000208f0000,0x00000000209f0000)]
  0x000000001d9fe800 JavaThread "Build operations" [_thread_blocked, id=25804, stack(0x000000001f150000,0x000000001f250000)]
  0x000000001d9f3000 JavaThread "Cache worker for cache directory md-rule (C:\Users\Shubham\.gradle\caches\5.6.4\md-rule)" [_thread_blocked, id=15044, stack(0x000000001ed90000,0x000000001ee90000)]
  0x000000001d9f7000 JavaThread "Cache worker for cache directory md-supplier (C:\Users\Shubham\.gradle\caches\5.6.4\md-supplier)" [_thread_blocked, id=16476, stack(0x000000001c4f0000,0x000000001c5f0000)]
  0x000000001d9f9000 JavaThread "Cache worker for file hash cache (C:\Users\Shubham\Projects\login_page2\Minesweeper\.gradle\5.6.4\fileHashes)" [_thread_blocked, id=11632, stack(0x000000001c3f0000,0x000000001c4f0000)]
  0x000000001d9f6000 JavaThread "Thread-67" [_thread_blocked, id=24840, stack(0x000000001c2f0000,0x000000001c3f0000)]
  0x000000001d9f1800 JavaThread "Stdin handler" [_thread_blocked, id=21260, stack(0x000000001c1f0000,0x000000001c2f0000)]
  0x000000001d9f8800 JavaThread "Asynchronous log dispatcher for DefaultDaemonConnection: socket connection from /127.0.0.1:56736 to /127.0.0.1:49295" [_thread_blocked, id=20856, stack(0x000000001c0f0000,0x000000001c1f0000)]
  0x000000001d9f5800 JavaThread "Cancel handler" [_thread_blocked, id=8580, stack(0x000000001bcf0000,0x000000001bdf0000)]
  0x000000001d9f1000 JavaThread "Handler for socket connection from /127.0.0.1:56736 to /127.0.0.1:49295" [_thread_in_native, id=21048, stack(0x0000000001700000,0x0000000001800000)]
  0x000000001d9f2800 JavaThread "MarlinRenderer Disposer" daemon [_thread_blocked, id=18272, stack(0x0000000026a00000,0x0000000026b00000)]
  0x000000001d9f7800 JavaThread "Java2D Disposer" daemon [_thread_blocked, id=18640, stack(0x0000000026900000,0x0000000026a00000)]
  0x0000000019136800 JavaThread "Cache worker for file content cache (C:\Users\Shubham\.gradle\caches\5.6.4\fileContent)" [_thread_blocked, id=27188, stack(0x00000000240e0000,0x00000000241e0000)]
  0x0000000019128800 JavaThread "Daemon worker Thread 3" [_thread_blocked, id=3976, stack(0x000000001bdf0000,0x000000001bef0000)]
  0x000000001912c800 JavaThread "Daemon Thread 3" [_thread_blocked, id=17352, stack(0x0000000001600000,0x0000000001700000)]
  0x000000001f6b7000 JavaThread "Memory manager" [_thread_blocked, id=15944, stack(0x0000000024210000,0x0000000024310000)]
  0x000000001f6b5000 JavaThread "Cache worker for execution history cache (C:\Users\Shubham\.gradle\caches\5.6.4\executionHistory)" [_thread_blocked, id=2192, stack(0x00000000209f0000,0x0000000020af0000)]
  0x000000001a1a0000 JavaThread "Cache worker for journal cache (C:\Users\Shubham\.gradle\caches\journal-1)" [_thread_blocked, id=22512, stack(0x000000001c9f0000,0x000000001caf0000)]
  0x000000001a1a6000 JavaThread "File lock request listener" [_thread_in_native, id=19800, stack(0x000000001c8f0000,0x000000001c9f0000)]
  0x000000001a1a7000 JavaThread "Cache worker for file hash cache (C:\Users\Shubham\.gradle\caches\5.6.4\fileHashes)" [_thread_blocked, id=19100, stack(0x000000001c7f0000,0x000000001c8f0000)]
  0x000000001a631000 JavaThread "Daemon periodic checks" [_thread_blocked, id=26328, stack(0x000000001bbf0000,0x000000001bcf0000)]
  0x0000000018956800 JavaThread "Incoming local TCP Connector on port 56736" [_thread_in_native, id=27308, stack(0x000000001b9b0000,0x000000001bab0000)]
  0x0000000018678000 JavaThread "Daemon health stats" [_thread_blocked, id=25612, stack(0x000000001b370000,0x000000001b470000)]
  0x00000000185fc000 JavaThread "Service Thread" daemon [_thread_blocked, id=19836, stack(0x00000000189d0000,0x0000000018ad0000)]
  0x0000000016c79000 JavaThread "C1 CompilerThread2" daemon [_thread_blocked, id=27228, stack(0x00000000184d0000,0x00000000185d0000)]
  0x0000000016c6b800 JavaThread "C2 CompilerThread1" daemon [_thread_in_native, id=6248, stack(0x00000000183d0000,0x00000000184d0000)]
=>0x0000000016c78000 JavaThread "C2 CompilerThread0" daemon [_thread_in_native, id=21116, stack(0x00000000182d0000,0x00000000183d0000)]
  0x0000000016c76800 JavaThread "Attach Listener" daemon [_thread_blocked, id=21004, stack(0x00000000181d0000,0x00000000182d0000)]
  0x0000000016c75000 JavaThread "Signal Dispatcher" daemon [_thread_blocked, id=17944, stack(0x00000000180d0000,0x00000000181d0000)]
  0x00000000032fb000 JavaThread "Finalizer" daemon [_thread_blocked, id=3176, stack(0x0000000017ed0000,0x0000000017fd0000)]
  0x0000000016c59000 JavaThread "Reference Handler" daemon [_thread_blocked, id=10068, stack(0x0000000017dd0000,0x0000000017ed0000)]
  0x00000000018ce800 JavaThread "main" [_thread_blocked, id=8932, stack(0x0000000003100000,0x0000000003200000)]

Other Threads:
  0x0000000016c36800 VMThread [stack: 0x0000000017cd0000,0x0000000017dd0000] [id=26900]
  0x0000000016cce800 WatcherThread [stack: 0x0000000018ad0000,0x0000000018bd0000] [id=24720]

VM state:not at safepoint (normal execution)

VM Mutex/Monitor currently owned by a thread: None

heap address: 0x00000000a0000000, size: 1536 MB, Compressed Oops mode: 32-bit
Narrow klass base: 0x0000000000000000, Narrow klass shift: 3
Compressed class space size: 1073741824 Address: 0x0000000100000000

Heap:
 PSYoungGen      total 307200K, used 115276K [0x00000000e0000000, 0x00000000f5300000, 0x0000000100000000)
  eden space 271360K, 35% used [0x00000000e0000000,0x00000000e5e1cb10,0x00000000f0900000)
  from space 35840K, 52% used [0x00000000f3000000,0x00000000f42768d8,0x00000000f5300000)
  to   space 37888K, 0% used [0x00000000f0900000,0x00000000f0900000,0x00000000f2e00000)
 ParOldGen       total 138240K, used 53891K [0x00000000a0000000, 0x00000000a8700000, 0x00000000e0000000)
  object space 138240K, 38% used [0x00000000a0000000,0x00000000a34a0c10,0x00000000a8700000)
 Metaspace       used 109554K, capacity 114468K, committed 114688K, reserved 1148928K
  class space    used 14079K, capacity 15057K, committed 15104K, reserved 1048576K

Card table byte_map: [0x00000000126c0000,0x00000000129d0000] byte_map_base: 0x00000000121c0000

Marking Bits: (ParMarkBitMap*) 0x00000000748b9f30
 Begin Bits: [0x0000000012fd0000, 0x00000000147d0000)
 End Bits:   [0x00000000147d0000, 0x0000000015fd0000)

Polling page: 0x0000000001880000

CodeCache: size=245760Kb used=59842Kb max_used=59842Kb free=185917Kb
 bounds [0x0000000003300000, 0x0000000006e60000, 0x0000000012300000]
 total_blobs=18676 nmethods=17604 adapters=983
 compilation: enabled

Compilation events (10 events):
Event: 3459.598 Thread 0x0000000016c79000 21257       1       com.android.tools.r8.graph.DexValue$t::o (1 bytes)
Event: 3459.598 Thread 0x0000000016c79000 nmethod 21257 0x0000000006464510 code [0x0000000006464660, 0x0000000006464770]
Event: 3459.632 Thread 0x0000000016c79000 21261 %     3       java.util.stream.SortedOps$SizedRefSortingSink::end @ 39 (129 bytes)
Event: 3459.633 Thread 0x0000000016c79000 nmethod 21261% 0x00000000062c2cd0 code [0x00000000062c2ec0, 0x00000000062c3718]
Event: 3459.641 Thread 0x0000000016c79000 21262 %     3       com.android.tools.r8.graph.E0::a @ 62 (117 bytes)
Event: 3459.642 Thread 0x0000000016c79000 nmethod 21262% 0x00000000062e8090 code [0x00000000062e83c0, 0x00000000062e9ab8]
Event: 3459.648 Thread 0x0000000016c79000 21263       3       java.util.stream.SortedOps$SizedRefSortingSink::end (129 bytes)
Event: 3459.648 Thread 0x0000000016c79000 nmethod 21263 0x00000000045f7e10 code [0x00000000045f8000, 0x00000000045f87f8]
Event: 3459.648 Thread 0x0000000016c79000 21264       3       com.android.tools.r8.graph.E0::a (117 bytes)
Event: 3459.649 Thread 0x0000000016c79000 nmethod 21264 0x00000000052784d0 code [0x0000000005278800, 0x0000000005279e18]

GC Heap History (10 events):
Event: 3451.316 GC heap before
{Heap before GC invocations=24 (full 4):
 PSYoungGen      total 235008K, used 215104K [0x00000000e0000000, 0x00000000f2100000, 0x0000000100000000)
  eden space 205824K, 100% used [0x00000000e0000000,0x00000000ec900000,0x00000000ec900000)
  from space 29184K, 31% used [0x00000000ec900000,0x00000000ed210010,0x00000000ee580000)
  to   space 38400K, 0% used [0x00000000efb80000,0x00000000efb80000,0x00000000f2100000)
 ParOldGen       total 138240K, used 53859K [0x00000000a0000000, 0x00000000a8700000, 0x00000000e0000000)
  object space 138240K, 38% used [0x00000000a0000000,0x00000000a3498c10,0x00000000a8700000)
 Metaspace       used 101259K, capacity 105312K, committed 106240K, reserved 1140736K
  class space    used 13066K, capacity 13917K, committed 14080K, reserved 1048576K
Event: 3451.345 GC heap after
Heap after GC invocations=24 (full 4):
 PSYoungGen      total 257024K, used 23705K [0x00000000e0000000, 0x00000000f2700000, 0x0000000100000000)
  eden space 218624K, 0% used [0x00000000e0000000,0x00000000e0000000,0x00000000ed580000)
  from space 38400K, 61% used [0x00000000efb80000,0x00000000f12a6468,0x00000000f2100000)
  to   space 38912K, 0% used [0x00000000ed580000,0x00000000ed580000,0x00000000efb80000)
 ParOldGen       total 138240K, used 53867K [0x00000000a0000000, 0x00000000a8700000, 0x00000000e0000000)
  object space 138240K, 38% used [0x00000000a0000000,0x00000000a349ac10,0x00000000a8700000)
 Metaspace       used 101259K, capacity 105312K, committed 106240K, reserved 1140736K
  class space    used 13066K, capacity 13917K, committed 14080K, reserved 1048576K
}
Event: 3452.711 GC heap before
{Heap before GC invocations=25 (full 4):
 PSYoungGen      total 257024K, used 242329K [0x00000000e0000000, 0x00000000f2700000, 0x0000000100000000)
  eden space 218624K, 100% used [0x00000000e0000000,0x00000000ed580000,0x00000000ed580000)
  from space 38400K, 61% used [0x00000000efb80000,0x00000000f12a6468,0x00000000f2100000)
  to   space 38912K, 0% used [0x00000000ed580000,0x00000000ed580000,0x00000000efb80000)
 ParOldGen       total 138240K, used 53867K [0x00000000a0000000, 0x00000000a8700000, 0x00000000e0000000)
  object space 138240K, 38% used [0x00000000a0000000,0x00000000a349ac10,0x00000000a8700000)
 Metaspace       used 106902K, capacity 111564K, committed 112000K, reserved 1146880K
  class space    used 13853K, capacity 14807K, committed 14976K, reserved 1048576K
Event: 3452.735 GC heap after
Heap after GC invocations=25 (full 4):
 PSYoungGen      total 257536K, used 27820K [0x00000000e0000000, 0x00000000f3c00000, 0x0000000100000000)
  eden space 218624K, 0% used [0x00000000e0000000,0x00000000e0000000,0x00000000ed580000)
  from space 38912K, 71% used [0x00000000ed580000,0x00000000ef0ab310,0x00000000efb80000)
  to   space 40960K, 0% used [0x00000000f1400000,0x00000000f1400000,0x00000000f3c00000)
 ParOldGen       total 138240K, used 53875K [0x00000000a0000000, 0x00000000a8700000, 0x00000000e0000000)
  object space 138240K, 38% used [0x00000000a0000000,0x00000000a349cc10,0x00000000a8700000)
 Metaspace       used 106902K, capacity 111564K, committed 112000K, reserved 1146880K
  class space    used 13853K, capacity 14807K, committed 14976K, reserved 1048576K
}
Event: 3454.546 GC heap before
{Heap before GC invocations=26 (full 4):
 PSYoungGen      total 257536K, used 246444K [0x00000000e0000000, 0x00000000f3c00000, 0x0000000100000000)
  eden space 218624K, 100% used [0x00000000e0000000,0x00000000ed580000,0x00000000ed580000)
  from space 38912K, 71% used [0x00000000ed580000,0x00000000ef0ab310,0x00000000efb80000)
  to   space 40960K, 0% used [0x00000000f1400000,0x00000000f1400000,0x00000000f3c00000)
 ParOldGen       total 138240K, used 53875K [0x00000000a0000000, 0x00000000a8700000, 0x00000000e0000000)
  object space 138240K, 38% used [0x00000000a0000000,0x00000000a349cc10,0x00000000a8700000)
 Metaspace       used 108509K, capacity 113262K, committed 113408K, reserved 1146880K
  class space    used 13997K, capacity 14964K, committed 15104K, reserved 1048576K
Event: 3454.582 GC heap after
Heap after GC invocations=26 (full 4):
 PSYoungGen      total 282112K, used 25536K [0x00000000e0000000, 0x00000000f4080000, 0x0000000100000000)
  eden space 241152K, 0% used [0x00000000e0000000,0x00000000e0000000,0x00000000eeb80000)
  from space 40960K, 62% used [0x00000000f1400000,0x00000000f2cf0320,0x00000000f3c00000)
  to   space 41472K, 0% used [0x00000000eeb80000,0x00000000eeb80000,0x00000000f1400000)
 ParOldGen       total 138240K, used 53883K [0x00000000a0000000, 0x00000000a8700000, 0x00000000e0000000)
  object space 138240K, 38% used [0x00000000a0000000,0x00000000a349ec10,0x00000000a8700000)
 Metaspace       used 108509K, capacity 113262K, committed 113408K, reserved 1146880K
  class space    used 13997K, capacity 14964K, committed 15104K, reserved 1048576K
}
Event: 3456.282 GC heap before
{Heap before GC invocations=27 (full 4):
 PSYoungGen      total 282112K, used 266688K [0x00000000e0000000, 0x00000000f4080000, 0x0000000100000000)
  eden space 241152K, 100% used [0x00000000e0000000,0x00000000eeb80000,0x00000000eeb80000)
  from space 40960K, 62% used [0x00000000f1400000,0x00000000f2cf0320,0x00000000f3c00000)
  to   space 41472K, 0% used [0x00000000eeb80000,0x00000000eeb80000,0x00000000f1400000)
 ParOldGen       total 138240K, used 53883K [0x00000000a0000000, 0x00000000a8700000, 0x00000000e0000000)
  object space 138240K, 38% used [0x00000000a0000000,0x00000000a349ec10,0x00000000a8700000)
 Metaspace       used 108701K, capacity 113552K, committed 113920K, reserved 1148928K
  class space    used 14016K, capacity 14969K, committed 15104K, reserved 1048576K
Event: 3456.307 GC heap after
Heap after GC invocations=27 (full 4):
 PSYoungGen      total 282624K, used 21440K [0x00000000e0000000, 0x00000000f5700000, 0x0000000100000000)
  eden space 241152K, 0% used [0x00000000e0000000,0x00000000e0000000,0x00000000eeb80000)
  from space 41472K, 51% used [0x00000000eeb80000,0x00000000f0070208,0x00000000f1400000)
  to   space 39936K, 0% used [0x00000000f3000000,0x00000000f3000000,0x00000000f5700000)
 ParOldGen       total 138240K, used 53883K [0x00000000a0000000, 0x00000000a8700000, 0x00000000e0000000)
  object space 138240K, 38% used [0x00000000a0000000,0x00000000a349ec10,0x00000000a8700000)
 Metaspace       used 108701K, capacity 113552K, committed 113920K, reserved 1148928K
  class space    used 14016K, capacity 14969K, committed 15104K, reserved 1048576K
}
Event: 3458.372 GC heap before
{Heap before GC invocations=28 (full 4):
 PSYoungGen      total 282624K, used 261189K [0x00000000e0000000, 0x00000000f5700000, 0x0000000100000000)
  eden space 241152K, 99% used [0x00000000e0000000,0x00000000eea214a8,0x00000000eeb80000)
  from space 41472K, 51% used [0x00000000eeb80000,0x00000000f0070208,0x00000000f1400000)
  to   space 39936K, 0% used [0x00000000f3000000,0x00000000f3000000,0x00000000f5700000)
 ParOldGen       total 138240K, used 53883K [0x00000000a0000000, 0x00000000a8700000, 0x00000000e0000000)
  object space 138240K, 38% used [0x00000000a0000000,0x00000000a349ec10,0x00000000a8700000)
 Metaspace       used 109106K, capacity 114010K, committed 114176K, reserved 1148928K
  class space    used 14046K, capacity 15008K, committed 15104K, reserved 1048576K
Event: 3458.399 GC heap after
Heap after GC invocations=28 (full 4):
 PSYoungGen      total 307200K, used 18906K [0x00000000e0000000, 0x00000000f5300000, 0x0000000100000000)
  eden space 271360K, 0% used [0x00000000e0000000,0x00000000e0000000,0x00000000f0900000)
  from space 35840K, 52% used [0x00000000f3000000,0x00000000f42768d8,0x00000000f5300000)
  to   space 37888K, 0% used [0x00000000f0900000,0x00000000f0900000,0x00000000f2e00000)
 ParOldGen       total 138240K, used 53891K [0x00000000a0000000, 0x00000000a8700000, 0x00000000e0000000)
  object space 138240K, 38% used [0x00000000a0000000,0x00000000a34a0c10,0x00000000a8700000)
 Metaspace       used 109106K, capacity 114010K, committed 114176K, reserved 1148928K
  class space    used 14046K, capacity 15008K, committed 15104K, reserved 1048576K
}

Deoptimization events (10 events):
Event: 3456.773 Thread 0x000000001912f800 Uncommon trap: reason=bimorphic action=maybe_recompile pc=0x0000000006bfde80 method=com.android.tools.r8.u.b.j1.a(Lcom/android/tools/r8/ir/analysis/type/k;)Lcom/android/tools/r8/u/b/j1; @ 29
Event: 3456.805 Thread 0x000000001912f800 Uncommon trap: reason=unstable_if action=reinterpret pc=0x00000000069e94f4 method=com.android.tools.r8.ir.regalloc.a.compareTo(Ljava/lang/Object;)I @ 81
Event: 3457.733 Thread 0x000000001912f800 Uncommon trap: reason=unstable_if action=reinterpret pc=0x0000000006c66174 method=com.android.tools.r8.v.a.a.a.f.e.equals(Ljava/lang/Object;)Z @ 33
Event: 3457.733 Thread 0x000000001912f800 Uncommon trap: reason=unstable_if action=reinterpret pc=0x0000000006b17db0 method=com.android.tools.r8.v.a.a.a.f.e.equals(Ljava/lang/Object;)Z @ 33
Event: 3458.028 Thread 0x000000001912f800 Uncommon trap: reason=unstable_if action=reinterpret pc=0x0000000005629b90 method=com.android.tools.r8.graph.d0.b(Lcom/android/tools/r8/graph/d0;)I @ 141
Event: 3458.147 Thread 0x000000001912f800 Uncommon trap: reason=unstable_if action=reinterpret pc=0x000000000646cda0 method=com.android.tools.r8.dex.DexOutputBuffer.g(I)V @ 8
Event: 3458.331 Thread 0x0000000019132000 Uncommon trap: reason=unstable_if action=reinterpret pc=0x0000000006228e04 method=java.nio.Bits.copyToArray(JLjava/lang/Object;JJJ)V @ 19
Event: 3458.629 Thread 0x0000000029039800 Uncommon trap: reason=unstable_if action=reinterpret pc=0x0000000003e582f0 method=java.util.Arrays.hashCode([Ljava/lang/Object;)I @ 1
Event: 3458.629 Thread 0x000000001f6b5800 Uncommon trap: reason=unstable_if action=reinterpret pc=0x0000000003e582f0 method=java.util.Arrays.hashCode([Ljava/lang/Object;)I @ 1
Event: 3458.643 Thread 0x0000000019138000 Uncommon trap: reason=unstable_if action=reinterpret pc=0x0000000004ad976c method=java.util.concurrent.ConcurrentLinkedQueue.offer(Ljava/lang/Object;)Z @ 91

Classes redefined (0 events):
No events

Internal exceptions (10 events):
Event: 3452.186 Thread 0x0000000019132800 Exception <a 'sun/nio/fs/WindowsException'> (0x00000000ea4a75c0) thrown at [D:\src\AOSP-openjdk-cygwin\jdk8u\hotspot\src\share\vm\prims\jni.cpp, line 710]
Event: 3452.406 Thread 0x0000000019128800 Exception <a 'sun/nio/fs/WindowsException'> (0x00000000ebf08ea0) thrown at [D:\src\AOSP-openjdk-cygwin\jdk8u\hotspot\src\share\vm\prims\jni.cpp, line 710]
Event: 3452.673 Thread 0x000000001912f800 Exception <a 'sun/nio/fs/WindowsException'> (0x00000000ed058690) thrown at [D:\src\AOSP-openjdk-cygwin\jdk8u\hotspot\src\share\vm\prims\jni.cpp, line 710]
Event: 3454.197 Thread 0x0000000019128800 Implicit null exception at 0x000000000666af0f to 0x000000000666b081
Event: 3454.221 Thread 0x0000000019128800 Exception <a 'sun/nio/fs/WindowsException'> (0x00000000ea13afd0) thrown at [D:\src\AOSP-openjdk-cygwin\jdk8u\hotspot\src\share\vm\prims\jni.cpp, line 710]
Event: 3458.213 Thread 0x000000001912f800 Exception <a 'sun/nio/fs/WindowsException'> (0x00000000edf5c2f0) thrown at [D:\src\AOSP-openjdk-cygwin\jdk8u\hotspot\src\share\vm\prims\jni.cpp, line 710]
Event: 3458.273 Thread 0x000000001912f800 Exception <a 'java/lang/NoSuchMethodError': <clinit>> (0x00000000ee016a80) thrown at [D:\src\AOSP-openjdk-cygwin\jdk8u\hotspot\src\share\vm\prims\jni.cpp, line 1614]
Event: 3458.359 Thread 0x0000000019132000 Exception <a 'sun/nio/fs/WindowsException'> (0x00000000ee7eecc8) thrown at [D:\src\AOSP-openjdk-cygwin\jdk8u\hotspot\src\share\vm\prims\jni.cpp, line 710]
Event: 3458.629 Thread 0x0000000029039800 Implicit null exception at 0x0000000003e581ef to 0x0000000003e582e1
Event: 3458.629 Thread 0x000000001f6b5800 Implicit null exception at 0x0000000003e581ef to 0x0000000003e582e1

Events (10 events):
Event: 3459.410 Thread 0x0000000019132000 DEOPT PACKING pc=0x00000000048f02ca sp=0x000000002641d820
Event: 3459.410 Thread 0x0000000019132000 DEOPT UNPACKING pc=0x00000000033475d0 sp=0x000000002641d648 mode 0
Event: 3459.422 Thread 0x0000000019132000 DEOPT PACKING pc=0x00000000057a60fe sp=0x000000002641d840
Event: 3459.422 Thread 0x0000000019132000 DEOPT UNPACKING pc=0x00000000033475d0 sp=0x000000002641d570 mode 0
Event: 3459.453 Thread 0x0000000019132000 DEOPT PACKING pc=0x0000000006ce21cd sp=0x000000002641d890
Event: 3459.453 Thread 0x0000000019132000 DEOPT UNPACKING pc=0x00000000033475d0 sp=0x000000002641d630 mode 0
Event: 3459.583 Thread 0x0000000019132000 DEOPT PACKING pc=0x0000000003c8c053 sp=0x000000002641daa0
Event: 3459.583 Thread 0x0000000019132000 DEOPT UNPACKING pc=0x00000000033475d0 sp=0x000000002641d7c8 mode 0
Event: 3459.600 loading class java/util/concurrent/ForkJoinTask$AdaptedCallable
Event: 3459.600 loading class java/util/concurrent/ForkJoinTask$AdaptedCallable done


Dynamic libraries:
0x00007ff6d0460000 - 0x00007ff6d0491000 	C:\Program Files\Android\Android Studio\jre\bin\java.exe
0x00007fffca480000 - 0x00007fffca670000 	C:\WINDOWS\SYSTEM32\ntdll.dll
0x00007fffc9900000 - 0x00007fffc99b2000 	C:\WINDOWS\System32\KERNEL32.DLL
0x00007fffc7dc0000 - 0x00007fffc8064000 	C:\WINDOWS\System32\KERNELBASE.dll
0x00007fffc9f60000 - 0x00007fffca003000 	C:\WINDOWS\System32\ADVAPI32.dll
0x00007fffc9d70000 - 0x00007fffc9e0e000 	C:\WINDOWS\System32\msvcrt.dll
0x00007fffc96a0000 - 0x00007fffc9737000 	C:\WINDOWS\System32\sechost.dll
0x00007fffca2c0000 - 0x00007fffca3e0000 	C:\WINDOWS\System32\RPCRT4.dll
0x00007fffc9740000 - 0x00007fffc98d4000 	C:\WINDOWS\System32\USER32.dll
0x00007fffc7d90000 - 0x00007fffc7db1000 	C:\WINDOWS\System32\win32u.dll
0x00007fffc8da0000 - 0x00007fffc8dc6000 	C:\WINDOWS\System32\GDI32.dll
0x00007fffc8240000 - 0x00007fffc83d4000 	C:\WINDOWS\System32\gdi32full.dll
0x00007fffc7510000 - 0x00007fffc75ae000 	C:\WINDOWS\System32\msvcp_win.dll
0x00007fffc7410000 - 0x00007fffc750a000 	C:\WINDOWS\System32\ucrtbase.dll
0x00007fffb6600000 - 0x00007fffb6884000 	C:\WINDOWS\WinSxS\amd64_microsoft.windows.common-controls_6595b64144ccf1df_6.0.18362.836_none_e6c4b943130f18ed\COMCTL32.dll
0x00007fffc8540000 - 0x00007fffc8876000 	C:\WINDOWS\System32\combase.dll
0x00007fffc83e0000 - 0x00007fffc8460000 	C:\WINDOWS\System32\bcryptPrimitives.dll
0x00007fffca150000 - 0x00007fffca17e000 	C:\WINDOWS\System32\IMM32.DLL
0x0000000073e70000 - 0x0000000073f42000 	C:\Program Files\Android\Android Studio\jre\jre\bin\msvcr100.dll
0x00000000740f0000 - 0x0000000074936000 	C:\Program Files\Android\Android Studio\jre\jre\bin\server\jvm.dll
0x00007fffc98f0000 - 0x00007fffc98f8000 	C:\WINDOWS\System32\PSAPI.DLL
0x00007fffc4050000 - 0x00007fffc4059000 	C:\WINDOWS\SYSTEM32\WSOCK32.dll
0x00007fffc3fd0000 - 0x00007fffc3ff4000 	C:\WINDOWS\SYSTEM32\WINMM.dll
0x00007fffbe800000 - 0x00007fffbe80a000 	C:\WINDOWS\SYSTEM32\VERSION.dll
0x00007fffc9a20000 - 0x00007fffc9a8f000 	C:\WINDOWS\System32\WS2_32.dll
0x00007fffc3e60000 - 0x00007fffc3e8d000 	C:\WINDOWS\SYSTEM32\winmmbase.dll
0x00007fffc8070000 - 0x00007fffc80ba000 	C:\WINDOWS\System32\cfgmgr32.dll
0x00007fffc3f60000 - 0x00007fffc3f6f000 	C:\Program Files\Android\Android Studio\jre\jre\bin\verify.dll
0x00007fffc1be0000 - 0x00007fffc1c09000 	C:\Program Files\Android\Android Studio\jre\jre\bin\java.dll
0x00007fffc1b80000 - 0x00007fffc1b96000 	C:\Program Files\Android\Android Studio\jre\jre\bin\zip.dll
0x00007fffc8f30000 - 0x00007fffc9614000 	C:\WINDOWS\System32\SHELL32.dll
0x00007fffc8880000 - 0x00007fffc8929000 	C:\WINDOWS\System32\shcore.dll
0x00007fffc7610000 - 0x00007fffc7d8e000 	C:\WINDOWS\System32\windows.storage.dll
0x00007fffc7390000 - 0x00007fffc73b3000 	C:\WINDOWS\System32\profapi.dll
0x00007fffc73c0000 - 0x00007fffc740a000 	C:\WINDOWS\System32\powrprof.dll
0x00007fffc7340000 - 0x00007fffc7350000 	C:\WINDOWS\System32\UMPDC.dll
0x00007fffca3e0000 - 0x00007fffca432000 	C:\WINDOWS\System32\shlwapi.dll
0x00007fffc7350000 - 0x00007fffc7361000 	C:\WINDOWS\System32\kernel.appcore.dll
0x00007fffc8510000 - 0x00007fffc8527000 	C:\WINDOWS\System32\cryptsp.dll
0x00007fffbff80000 - 0x00007fffbff9a000 	C:\Program Files\Android\Android Studio\jre\jre\bin\net.dll
0x00007fffb9bd0000 - 0x00007fffb9da6000 	C:\WINDOWS\SYSTEM32\urlmon.dll
0x00007fffba240000 - 0x00007fffba4e6000 	C:\WINDOWS\SYSTEM32\iertutil.dll
0x00007fffc6d80000 - 0x00007fffc6d8c000 	C:\WINDOWS\SYSTEM32\CRYPTBASE.DLL
0x00007fffc6bb0000 - 0x00007fffc6c17000 	C:\WINDOWS\system32\mswsock.dll
0x00007fffbbf70000 - 0x00007fffbbf83000 	C:\Program Files\Android\Android Studio\jre\jre\bin\nio.dll
0x00007fffc1c80000 - 0x00007fffc1ca6000 	C:\Users\Shubham\.gradle\native\30\windows-amd64\native-platform.dll
0x00007fffc23d0000 - 0x00007fffc23dd000 	C:\Program Files\Android\Android Studio\jre\jre\bin\management.dll
0x00007fffc6720000 - 0x00007fffc6753000 	C:\WINDOWS\system32\rsaenh.dll
0x00007fffc80c0000 - 0x00007fffc80e6000 	C:\WINDOWS\System32\bcrypt.dll
0x00007fffc7230000 - 0x00007fffc7255000 	C:\WINDOWS\SYSTEM32\USERENV.dll
0x00007fffc68c0000 - 0x00007fffc68fa000 	C:\WINDOWS\SYSTEM32\IPHLPAPI.DLL
0x00007fffc8530000 - 0x00007fffc8538000 	C:\WINDOWS\System32\NSI.dll
0x00007fffbc3f0000 - 0x00007fffbc406000 	C:\WINDOWS\SYSTEM32\dhcpcsvc6.DLL
0x00007fffbe5d0000 - 0x00007fffbe5ec000 	C:\WINDOWS\SYSTEM32\dhcpcsvc.DLL
0x00007fffc6900000 - 0x00007fffc69cb000 	C:\WINDOWS\SYSTEM32\DNSAPI.dll
0x00007fffbbce0000 - 0x00007fffbbd04000 	C:\Program Files\Android\Android Studio\jre\jre\bin\sunec.dll
0x00007fffbf7c0000 - 0x00007fffbf7ca000 	C:\Windows\System32\rasadhlp.dll
0x00007fffbc2c0000 - 0x00007fffbc337000 	C:\WINDOWS\System32\fwpuclnt.dll
0x00007fffc4060000 - 0x00007fffc406b000 	C:\Program Files\Android\Android Studio\jre\jre\bin\sunmscapi.dll
0x00007fffc80f0000 - 0x00007fffc8239000 	C:\WINDOWS\System32\CRYPT32.dll
0x00007fffc7370000 - 0x00007fffc7382000 	C:\WINDOWS\System32\MSASN1.dll
0x00007fffc6380000 - 0x00007fffc63b1000 	C:\WINDOWS\SYSTEM32\ntmarta.dll
0x00007fff8d4f0000 - 0x00007fff8d68c000 	C:\Program Files\Android\Android Studio\jre\jre\bin\awt.dll
0x00007fffca010000 - 0x00007fffca0d4000 	C:\WINDOWS\System32\OLEAUT32.dll
0x00007fffc5ac0000 - 0x00007fffc5aed000 	C:\WINDOWS\SYSTEM32\dwmapi.dll
0x00007fffc40d0000 - 0x00007fffc4690000 	C:\WINDOWS\SYSTEM32\d2d1.dll
0x00007fffc54b0000 - 0x00007fffc553f000 	C:\WINDOWS\SYSTEM32\apphelp.dll
0x00007fffc5640000 - 0x00007fffc56d9000 	C:\WINDOWS\system32\uxtheme.dll
0x00007fffc1ea0000 - 0x00007fffc1ebe000 	C:\Users\Shubham\AppData\Local\Temp\native-platform1313310157342285010dir\native-platform.dll

VM Arguments:
jvm_args: -Xmx1536m -Dfile.encoding=windows-1252 -Duser.country=US -Duser.language=en -Duser.variant 
java_command: org.gradle.launcher.daemon.bootstrap.GradleDaemon 5.6.4
java_class_path (initial): C:\Users\Shubham\.gradle\wrapper\dists\gradle-5.6.4-all\ankdp27end7byghfw1q2sw75f\gradle-5.6.4\lib\gradle-launcher-5.6.4.jar
Launcher Type: SUN_STANDARD

Environment Variables:
PATH=C:\Program Files (x86)\Intel\iCLS Client\;C:\Program Files\Intel\iCLS Client\;C:\Windows\system32;C:\Windows;C:\Windows\System32\Wbem;C:\Windows\System32\WindowsPowerShell\v1.0\;C:\Program Files (x86)\Intel\Intel(R) Management Engine Components\DAL;C:\Program Files\Intel\Intel(R) Management Engine Components\DAL;C:\Program Files (x86)\Intel\Intel(R) Management Engine Components\IPT;C:\Program Files\Intel\Intel(R) Management Engine Components\IPT;C:\Program Files (x86)\NVIDIA Corporation\PhysX\Common;C:\WINDOWS\system32;C:\WINDOWS;C:\WINDOWS\System32\Wbem;C:\WINDOWS\System32\WindowsPowerShell\v1.0\;C:\WINDOWS\System32\OpenSSH\;C:\Users\Shubham\Anaconda3;C:\Program Files (x86)\Brackets\command;C:\Program Files\NVIDIA Corporation\NVIDIA NvDLISR;C:\WINDOWS\system32;C:\WINDOWS;C:\WINDOWS\System32\Wbem;C:\WINDOWS\System32\WindowsPowerShell\v1.0\;C:\WINDOWS\System32\OpenSSH\;C:\Program Files\Git\cmd;C:\Program Files\Java\jdk-14\bin;C:\Users\Shubham\Anaconda3;C:\Users\Shubham\Anaconda3\Library\mingw-w64\bin;C:\Users\Shubham\Anaconda3\Library\usr\bin;C:\Users\Shubham\Anaconda3\Library\bin;C:\Users\Shubham\Anaconda3\Scripts;C:\Users\Shubham\AppData\Local\Microsoft\WindowsApps;C:\dev\flutter\bin
USERNAME=Shubham
OS=Windows_NT
PROCESSOR_IDENTIFIER=Intel64 Family 6 Model 158 Stepping 9, GenuineIntel



---------------  S Y S T E M  ---------------

OS: Windows 10.0 , 64 bit Build 18362 (10.0.18362.778)

CPU:total 4 (initial active 4) (4 cores per cpu, 1 threads per core) family 6 model 158 stepping 9, cmov, cx8, fxsr, mmx, sse, sse2, sse3, ssse3, sse4.1, sse4.2, popcnt, avx, avx2, aes, clmul, erms, 3dnowpref, lzcnt, tsc, tscinvbit, bmi1, bmi2, adx

Memory: 4k page, physical 8269412k(481328k free), swap 16658020k(5852k free)

vm_info: OpenJDK 64-Bit Server VM (25.212-b04) for windows-amd64 JRE (1.8.0_212-release-1586-b04), built by "builder" with MS VC++ 10.0 (VS2010)

time: Mon Jun 08 03:55:48 2020
timezone: India Standard Time
elapsed time: 3459 seconds (0d 0h 57m 39s)

